<?xml version="1.0" encoding="UTF-8"?>
<!-- Generated by org.testng.reporters.JUnitXMLReporter -->
<testsuite ignored="0" hostname="DESKTOP-S0L18LR" failures="5" tests="32" name="Test" time="0.481" errors="0" timestamp="2023-07-13T10:50:07 IST">
  <testcase classname="TestNgScript.Actress" name="editcustmor" time="0.031"/>
  <testcase classname="TestNgScript.Actress" name="deletecustmor" time="0.011"/>
  <testcase classname="TestNgScript.Actress" name="modifycustmor" time="0.004"/>
  <testcase classname="TestNgScript.Actress" name="createdcustmor" time="0.003"/>
  <testcase classname="TestNgScript.Actress" name="createdcustmor" time="0.003"/>
  <testcase classname="TestNgScript.Actress" name="createdcustmor" time="0.002"/>
  <testcase classname="TestNgScript.Actress" name="createdcustmor" time="0.002"/>
  <testcase classname="TestNgScript.Actress" name="createdcustmor" time="0.006"/>
  <testcase classname="TestNgScript.CreateCustomer" name="editcustmor" time="0.005"/>
  <testcase classname="TestNgScript.CreateCustomer" name="deletecustmor" time="0.003"/>
  <testcase classname="TestNgScript.CreateCustomer" name="modifycustmor" time="0.002"/>
  <testcase classname="TestNgScript.CreateCustomer" name="createdcustmor" time="0.008">
    <failure type="java.lang.AssertionError" message="null">
      <![CDATA[java.lang.AssertionError: null
at TestNgScript.CreateCustomer.createdcustmor(CreateCustomer.java:13)
at java.base/java.util.ArrayList.forEach(ArrayList.java:1511)
... Removed 27 stack frames]]>
    </failure>
  </testcase> <!-- createdcustmor -->
  <testcase classname="TestNgScript.CreateCustomer" name="createdcustmor" time="0.005">
    <failure type="java.lang.AssertionError" message="null">
      <![CDATA[java.lang.AssertionError: null
at TestNgScript.CreateCustomer.createdcustmor(CreateCustomer.java:13)
at java.base/java.util.ArrayList.forEach(ArrayList.java:1511)
... Removed 27 stack frames]]>
    </failure>
  </testcase> <!-- createdcustmor -->
  <testcase classname="TestNgScript.CreateCustomer" name="createdcustmor" time="0.006">
    <failure type="java.lang.AssertionError" message="null">
      <![CDATA[java.lang.AssertionError: null
at TestNgScript.CreateCustomer.createdcustmor(CreateCustomer.java:13)
at java.base/java.util.ArrayList.forEach(ArrayList.java:1511)
... Removed 27 stack frames]]>
    </failure>
  </testcase> <!-- createdcustmor -->
  <testcase classname="TestNgScript.CreateCustomer" name="createdcustmor" time="0.003">
    <failure type="java.lang.AssertionError" message="null">
      <![CDATA[java.lang.AssertionError: null
at TestNgScript.CreateCustomer.createdcustmor(CreateCustomer.java:13)
at java.base/java.util.ArrayList.forEach(ArrayList.java:1511)
... Removed 27 stack frames]]>
    </failure>
  </testcase> <!-- createdcustmor -->
  <testcase classname="TestNgScript.CreateCustomer" name="createdcustmor" time="0.003">
    <failure type="java.lang.AssertionError" message="null">
      <![CDATA[java.lang.AssertionError: null
at TestNgScript.CreateCustomer.createdcustmor(CreateCustomer.java:13)
at java.base/java.util.ArrayList.forEach(ArrayList.java:1511)
... Removed 27 stack frames]]>
    </failure>
  </testcase> <!-- createdcustmor -->
  <testcase classname="TestNgScript.Cricketer" name="editcustmor" time="0.002"/>
  <testcase classname="TestNgScript.Cricketer" name="deletecustmor" time="0.002"/>
  <testcase classname="TestNgScript.Cricketer" name="modifycustmor" time="0.003"/>
  <testcase classname="TestNgScript.Cricketer" name="createdcustmor" time="0.002"/>
  <testcase classname="TestNgScript.Cricketer" name="createdcustmor" time="0.01"/>
  <testcase classname="TestNgScript.Cricketer" name="createdcustmor" time="0.002"/>
  <testcase classname="TestNgScript.Cricketer" name="createdcustmor" time="0.004"/>
  <testcase classname="TestNgScript.Cricketer" name="createdcustmor" time="0.004"/>
  <testcase classname="TestNgScript.Qtalk" name="editcustmor" time="0.002"/>
  <testcase classname="TestNgScript.Qtalk" name="deletecustmor" time="0.002"/>
  <testcase classname="TestNgScript.Qtalk" name="modifycustmor" time="0.003"/>
  <testcase classname="TestNgScript.Qtalk" name="createdcustmor" time="0.002"/>
  <testcase classname="TestNgScript.Qtalk" name="createdcustmor" time="0.008"/>
  <testcase classname="TestNgScript.Qtalk" name="createdcustmor" time="0.004"/>
  <testcase classname="TestNgScript.Qtalk" name="createdcustmor" time="0.002"/>
  <testcase classname="TestNgScript.Qtalk" name="createdcustmor" time="0.002"/>
</testsuite> <!-- Test -->
